mode: atomic
github.com/shivamshashank/StackPulse/internal/utils/utils.go:34.82,36.15 2 0
github.com/shivamshashank/StackPulse/internal/utils/utils.go:36.15,38.3 1 0
github.com/shivamshashank/StackPulse/internal/utils/utils.go:39.2,47.28 7 0
github.com/shivamshashank/StackPulse/internal/utils/utils.go:51.93,53.15 2 0
github.com/shivamshashank/StackPulse/internal/utils/utils.go:53.15,55.3 1 0
github.com/shivamshashank/StackPulse/internal/utils/utils.go:56.2,65.28 8 0
github.com/shivamshashank/StackPulse/internal/utils/utils.go:69.108,71.15 2 0
github.com/shivamshashank/StackPulse/internal/utils/utils.go:71.15,73.3 1 0
github.com/shivamshashank/StackPulse/internal/utils/utils.go:74.2,75.30 2 0
github.com/shivamshashank/StackPulse/internal/utils/utils.go:75.30,77.3 1 0
github.com/shivamshashank/StackPulse/internal/utils/utils.go:78.2,86.28 7 0
github.com/shivamshashank/StackPulse/internal/utils/utils.go:90.26,92.16 2 1
github.com/shivamshashank/StackPulse/internal/utils/utils.go:92.16,94.3 1 0
github.com/shivamshashank/StackPulse/internal/utils/utils.go:95.2,95.32 1 1
github.com/shivamshashank/StackPulse/internal/utils/utils.go:95.32,96.70 1 5
github.com/shivamshashank/StackPulse/internal/utils/utils.go:96.70,97.29 1 3
github.com/shivamshashank/StackPulse/internal/utils/utils.go:97.29,99.5 1 1
github.com/shivamshashank/StackPulse/internal/utils/utils.go:102.2,102.20 1 0
github.com/shivamshashank/StackPulse/internal/utils/utils.go:107.88,109.15 2 0
github.com/shivamshashank/StackPulse/internal/utils/utils.go:109.15,111.3 1 0
github.com/shivamshashank/StackPulse/internal/utils/utils.go:112.2,121.28 8 0
github.com/shivamshashank/StackPulse/internal/utils/utils.go:126.39,127.22 1 1
github.com/shivamshashank/StackPulse/internal/utils/utils.go:127.22,128.57 1 0
github.com/shivamshashank/StackPulse/internal/utils/utils.go:128.57,130.18 2 0
github.com/shivamshashank/StackPulse/internal/utils/utils.go:130.18,132.5 1 0
github.com/shivamshashank/StackPulse/internal/utils/utils.go:135.2,135.25 1 1
github.com/shivamshashank/StackPulse/internal/doctor/checks_k8s.go:14.56,16.16 2 0
github.com/shivamshashank/StackPulse/internal/doctor/checks_k8s.go:16.16,18.15 2 0
github.com/shivamshashank/StackPulse/internal/doctor/checks_k8s.go:18.15,20.4 1 0
github.com/shivamshashank/StackPulse/internal/doctor/checks_k8s.go:21.3,25.4 1 0
github.com/shivamshashank/StackPulse/internal/doctor/checks_k8s.go:27.2,31.3 1 0
github.com/shivamshashank/StackPulse/internal/doctor/checks_k8s.go:36.46,40.52 2 0
github.com/shivamshashank/StackPulse/internal/doctor/checks_k8s.go:40.52,48.3 1 0
github.com/shivamshashank/StackPulse/internal/doctor/checks_k8s.go:50.2,50.57 1 0
github.com/shivamshashank/StackPulse/internal/doctor/checks_k8s.go:50.57,51.60 1 0
github.com/shivamshashank/StackPulse/internal/doctor/checks_k8s.go:51.60,53.4 1 0
github.com/shivamshashank/StackPulse/internal/doctor/checks_k8s.go:54.3,54.50 1 0
github.com/shivamshashank/StackPulse/internal/doctor/checks_k8s.go:58.2,59.33 2 0
github.com/shivamshashank/StackPulse/internal/doctor/checks_k8s.go:59.33,67.3 1 0
github.com/shivamshashank/StackPulse/internal/doctor/checks_k8s.go:70.2,71.16 2 0
github.com/shivamshashank/StackPulse/internal/doctor/checks_k8s.go:71.16,79.3 1 0
github.com/shivamshashank/StackPulse/internal/doctor/checks_k8s.go:81.2,89.34 3 0
github.com/shivamshashank/StackPulse/internal/doctor/checks_k8s.go:89.34,92.30 3 0
github.com/shivamshashank/StackPulse/internal/doctor/checks_k8s.go:92.30,93.40 1 0
github.com/shivamshashank/StackPulse/internal/doctor/checks_k8s.go:93.40,95.5 1 0
github.com/shivamshashank/StackPulse/internal/doctor/checks_k8s.go:97.3,101.5 1 0
github.com/shivamshashank/StackPulse/internal/doctor/checks_k8s.go:105.2,106.50 2 0
github.com/shivamshashank/StackPulse/internal/doctor/checks_k8s.go:106.50,112.3 1 0
github.com/shivamshashank/StackPulse/internal/doctor/checks_k8s.go:112.8,115.30 3 0
github.com/shivamshashank/StackPulse/internal/doctor/checks_k8s.go:115.30,117.23 2 0
github.com/shivamshashank/StackPulse/internal/doctor/checks_k8s.go:117.23,119.5 1 0
github.com/shivamshashank/StackPulse/internal/doctor/checks_k8s.go:121.3,125.5 1 0
github.com/shivamshashank/StackPulse/internal/doctor/checks_k8s.go:128.2,128.22 1 0
github.com/shivamshashank/StackPulse/internal/doctor/checks_k8s.go:131.35,132.80 1 0
github.com/shivamshashank/StackPulse/internal/doctor/checks_k8s.go:132.80,134.3 1 0
github.com/shivamshashank/StackPulse/internal/doctor/checks_k8s.go:136.2,137.16 2 0
github.com/shivamshashank/StackPulse/internal/doctor/checks_k8s.go:137.16,139.3 1 0
github.com/shivamshashank/StackPulse/internal/doctor/checks_k8s.go:140.2,141.47 2 0
github.com/shivamshashank/StackPulse/internal/doctor/checks_k8s.go:141.47,143.3 1 0
github.com/shivamshashank/StackPulse/internal/doctor/checks_k8s.go:145.2,145.11 1 0
github.com/shivamshashank/StackPulse/internal/doctor/checks_system.go:14.28,23.50 6 1
github.com/shivamshashank/StackPulse/internal/doctor/checks_system.go:23.50,29.3 1 1
github.com/shivamshashank/StackPulse/internal/doctor/checks_system.go:31.2,35.3 1 0
github.com/shivamshashank/StackPulse/internal/doctor/checks_system.go:39.34,43.16 3 0
github.com/shivamshashank/StackPulse/internal/doctor/checks_system.go:43.16,49.3 1 0
github.com/shivamshashank/StackPulse/internal/doctor/checks_system.go:50.2,54.16 3 0
github.com/shivamshashank/StackPulse/internal/doctor/checks_system.go:54.16,60.3 1 0
github.com/shivamshashank/StackPulse/internal/doctor/checks_system.go:62.2,66.3 1 0
github.com/shivamshashank/StackPulse/internal/doctor/checks_system.go:70.29,74.15 3 1
github.com/shivamshashank/StackPulse/internal/doctor/checks_system.go:74.15,80.3 1 0
github.com/shivamshashank/StackPulse/internal/doctor/checks_system.go:82.2,86.3 1 1
github.com/shivamshashank/StackPulse/internal/doctor/checks_system.go:90.32,94.22 3 1
github.com/shivamshashank/StackPulse/internal/doctor/checks_system.go:95.15,96.37 1 0
github.com/shivamshashank/StackPulse/internal/doctor/checks_system.go:97.10,98.37 1 1
github.com/shivamshashank/StackPulse/internal/doctor/checks_system.go:101.2,101.16 1 1
github.com/shivamshashank/StackPulse/internal/doctor/checks_system.go:101.16,107.3 1 1
github.com/shivamshashank/StackPulse/internal/doctor/checks_system.go:109.2,112.19 3 0
github.com/shivamshashank/StackPulse/internal/doctor/checks_system.go:112.19,118.3 1 0
github.com/shivamshashank/StackPulse/internal/doctor/checks_system.go:120.2,124.3 1 0
github.com/shivamshashank/StackPulse/internal/doctor/checks_system.go:127.39,129.16 2 0
github.com/shivamshashank/StackPulse/internal/doctor/checks_system.go:129.16,131.3 1 0
github.com/shivamshashank/StackPulse/internal/doctor/checks_system.go:132.2,133.29 2 0
github.com/shivamshashank/StackPulse/internal/doctor/checks_system.go:133.29,134.43 1 0
github.com/shivamshashank/StackPulse/internal/doctor/checks_system.go:134.43,136.24 2 0
github.com/shivamshashank/StackPulse/internal/doctor/checks_system.go:136.24,138.19 2 0
github.com/shivamshashank/StackPulse/internal/doctor/checks_system.go:138.19,140.6 1 0
github.com/shivamshashank/StackPulse/internal/doctor/checks_system.go:142.5,142.27 1 0
github.com/shivamshashank/StackPulse/internal/doctor/checks_system.go:146.2,146.67 1 0
github.com/shivamshashank/StackPulse/internal/doctor/doctor.go:31.32,35.32 3 0
github.com/shivamshashank/StackPulse/internal/doctor/doctor.go:35.32,37.21 2 0
github.com/shivamshashank/StackPulse/internal/doctor/doctor.go:38.17,39.27 1 0
github.com/shivamshashank/StackPulse/internal/doctor/doctor.go:40.19,41.29 1 0
github.com/shivamshashank/StackPulse/internal/doctor/doctor.go:42.20,43.30 1 0
github.com/shivamshashank/StackPulse/internal/doctor/doctor.go:44.19,45.29 1 0
github.com/shivamshashank/StackPulse/internal/doctor/doctor.go:47.3,47.44 1 0
github.com/shivamshashank/StackPulse/internal/doctor/doctor.go:49.2,51.17 2 0
github.com/shivamshashank/StackPulse/internal/doctor/doctor.go:51.17,53.3 1 0
github.com/shivamshashank/StackPulse/internal/doctor/doctor.go:53.8,53.21 1 0
github.com/shivamshashank/StackPulse/internal/doctor/doctor.go:53.21,55.3 1 0
github.com/shivamshashank/StackPulse/internal/doctor/doctor.go:55.8,58.3 2 0
github.com/shivamshashank/StackPulse/internal/doctor/doctor.go:62.32,84.37 12 0
github.com/shivamshashank/StackPulse/internal/doctor/doctor.go:84.37,85.32 1 0
github.com/shivamshashank/StackPulse/internal/doctor/doctor.go:85.32,87.9 2 0
github.com/shivamshashank/StackPulse/internal/doctor/doctor.go:91.2,91.15 1 0
github.com/shivamshashank/StackPulse/internal/alerts/secrets.go:10.61,15.16 3 0
github.com/shivamshashank/StackPulse/internal/alerts/secrets.go:15.16,17.3 1 0
github.com/shivamshashank/StackPulse/internal/alerts/secrets.go:19.2,19.12 1 0
github.com/shivamshashank/StackPulse/cmd/stackpulse/main.go:5.13,7.2 1 0
github.com/shivamshashank/StackPulse/internal/config/config.go:57.29,86.2 1 2
github.com/shivamshashank/StackPulse/internal/config/config.go:89.37,91.16 2 4
github.com/shivamshashank/StackPulse/internal/config/config.go:91.16,93.3 1 0
github.com/shivamshashank/StackPulse/internal/config/config.go:94.2,94.48 1 4
github.com/shivamshashank/StackPulse/internal/config/config.go:98.38,100.16 2 0
github.com/shivamshashank/StackPulse/internal/config/config.go:100.16,102.3 1 0
github.com/shivamshashank/StackPulse/internal/config/config.go:103.2,103.47 1 0
github.com/shivamshashank/StackPulse/internal/config/config.go:107.37,108.34 1 4
github.com/shivamshashank/StackPulse/internal/config/config.go:108.34,110.17 2 2
github.com/shivamshashank/StackPulse/internal/config/config.go:110.17,112.4 1 2
github.com/shivamshashank/StackPulse/internal/config/config.go:114.2,114.29 1 2
github.com/shivamshashank/StackPulse/internal/config/config.go:118.45,120.16 2 3
github.com/shivamshashank/StackPulse/internal/config/config.go:120.16,122.3 1 0
github.com/shivamshashank/StackPulse/internal/config/config.go:124.2,127.47 2 3
github.com/shivamshashank/StackPulse/internal/config/config.go:127.47,129.3 1 0
github.com/shivamshashank/StackPulse/internal/config/config.go:131.2,135.55 3 3
github.com/shivamshashank/StackPulse/internal/config/config.go:135.55,136.22 1 2
github.com/shivamshashank/StackPulse/internal/config/config.go:136.22,155.58 18 1
github.com/shivamshashank/StackPulse/internal/config/config.go:155.58,157.5 1 0
github.com/shivamshashank/StackPulse/internal/config/config.go:158.9,160.4 1 1
github.com/shivamshashank/StackPulse/internal/config/config.go:164.2,164.45 1 2
github.com/shivamshashank/StackPulse/internal/config/config.go:164.45,166.3 1 0
github.com/shivamshashank/StackPulse/internal/config/config.go:169.2,169.55 1 2
github.com/shivamshashank/StackPulse/internal/config/config.go:169.55,171.3 1 0
github.com/shivamshashank/StackPulse/internal/config/config.go:174.2,176.12 2 2
github.com/shivamshashank/StackPulse/internal/config/config.go:180.25,182.16 2 1
github.com/shivamshashank/StackPulse/internal/config/config.go:182.16,184.3 1 0
github.com/shivamshashank/StackPulse/internal/config/config.go:185.2,204.56 18 1
github.com/shivamshashank/StackPulse/internal/config/config.go:204.56,206.3 1 0
github.com/shivamshashank/StackPulse/internal/config/config.go:207.2,207.12 1 1
github.com/shivamshashank/StackPulse/internal/helm/client.go:11.51,13.12 2 0
github.com/shivamshashank/StackPulse/internal/helm/client.go:13.12,16.3 2 0
github.com/shivamshashank/StackPulse/internal/helm/client.go:18.2,20.16 3 0
github.com/shivamshashank/StackPulse/internal/helm/client.go:20.16,22.3 1 0
github.com/shivamshashank/StackPulse/internal/helm/client.go:24.2,25.12 2 0
github.com/shivamshashank/StackPulse/internal/helm/client.go:29.37,31.12 2 0
github.com/shivamshashank/StackPulse/internal/helm/client.go:31.12,34.3 2 0
github.com/shivamshashank/StackPulse/internal/helm/client.go:36.2,38.16 3 0
github.com/shivamshashank/StackPulse/internal/helm/client.go:38.16,40.3 1 0
github.com/shivamshashank/StackPulse/internal/helm/client.go:42.2,43.12 2 0
github.com/shivamshashank/StackPulse/internal/helm/client.go:47.90,49.20 2 0
github.com/shivamshashank/StackPulse/internal/helm/client.go:49.20,51.3 1 0
github.com/shivamshashank/StackPulse/internal/helm/client.go:53.2,53.12 1 0
github.com/shivamshashank/StackPulse/internal/helm/client.go:53.12,56.3 2 0
github.com/shivamshashank/StackPulse/internal/helm/client.go:58.2,60.16 3 0
github.com/shivamshashank/StackPulse/internal/helm/client.go:60.16,62.3 1 0
github.com/shivamshashank/StackPulse/internal/helm/client.go:64.2,65.12 2 0
github.com/shivamshashank/StackPulse/internal/installer/docker.go:12.28,17.22 4 0
github.com/shivamshashank/StackPulse/internal/installer/docker.go:17.22,19.3 1 0
github.com/shivamshashank/StackPulse/internal/installer/docker.go:19.8,22.3 2 0
github.com/shivamshashank/StackPulse/internal/installer/docker.go:24.2,24.16 1 0
github.com/shivamshashank/StackPulse/internal/installer/docker.go:24.16,26.3 1 0
github.com/shivamshashank/StackPulse/internal/installer/docker.go:27.2,31.22 3 0
github.com/shivamshashank/StackPulse/internal/installer/docker.go:31.22,33.3 1 0
github.com/shivamshashank/StackPulse/internal/installer/docker.go:33.8,35.3 1 0
github.com/shivamshashank/StackPulse/internal/installer/docker.go:38.2,39.26 2 0
github.com/shivamshashank/StackPulse/internal/installer/docker.go:39.26,41.17 2 0
github.com/shivamshashank/StackPulse/internal/installer/docker.go:41.17,44.4 2 0
github.com/shivamshashank/StackPulse/internal/installer/docker.go:45.3,45.30 1 0
github.com/shivamshashank/StackPulse/internal/installer/docker.go:48.2,48.74 1 0
github.com/shivamshashank/StackPulse/internal/installer/k3s.go:13.48,19.22 4 0
github.com/shivamshashank/StackPulse/internal/installer/k3s.go:19.22,22.3 1 0
github.com/shivamshashank/StackPulse/internal/installer/k3s.go:22.8,26.3 2 0
github.com/shivamshashank/StackPulse/internal/installer/k3s.go:28.2,28.16 1 0
github.com/shivamshashank/StackPulse/internal/installer/k3s.go:28.16,30.3 1 0
github.com/shivamshashank/StackPulse/internal/installer/k3s.go:31.2,35.22 3 0
github.com/shivamshashank/StackPulse/internal/installer/k3s.go:35.22,37.3 1 0
github.com/shivamshashank/StackPulse/internal/installer/k3s.go:37.8,39.3 1 0
github.com/shivamshashank/StackPulse/internal/installer/k3s.go:41.2,47.22 5 0
github.com/shivamshashank/StackPulse/internal/installer/k3s.go:47.22,49.21 2 0
github.com/shivamshashank/StackPulse/internal/installer/k3s.go:49.21,51.4 1 0
github.com/shivamshashank/StackPulse/internal/installer/k3s.go:52.3,52.31 1 0
github.com/shivamshashank/StackPulse/internal/installer/k3s.go:53.8,55.20 2 0
github.com/shivamshashank/StackPulse/internal/installer/k3s.go:55.20,57.4 1 0
github.com/shivamshashank/StackPulse/internal/installer/k3s.go:58.3,58.25 1 0
github.com/shivamshashank/StackPulse/internal/installer/k3s.go:62.2,63.55 2 0
github.com/shivamshashank/StackPulse/internal/installer/k3s.go:63.55,65.3 1 0
github.com/shivamshashank/StackPulse/internal/installer/k3s.go:68.2,68.94 1 0
github.com/shivamshashank/StackPulse/internal/installer/k3s.go:68.94,70.3 1 0
github.com/shivamshashank/StackPulse/internal/installer/k3s.go:71.2,71.78 1 0
github.com/shivamshashank/StackPulse/internal/installer/k3s.go:71.78,73.3 1 0
github.com/shivamshashank/StackPulse/internal/installer/k3s.go:74.2,83.26 5 0
github.com/shivamshashank/StackPulse/internal/installer/k3s.go:83.26,88.21 4 0
github.com/shivamshashank/StackPulse/internal/installer/k3s.go:88.21,90.9 2 0
github.com/shivamshashank/StackPulse/internal/installer/k3s.go:93.3,94.30 2 0
github.com/shivamshashank/StackPulse/internal/installer/k3s.go:97.2,97.14 1 0
github.com/shivamshashank/StackPulse/internal/installer/k3s.go:97.14,99.3 1 0
github.com/shivamshashank/StackPulse/internal/installer/k3s.go:101.2,102.12 2 0
github.com/shivamshashank/StackPulse/internal/installer/kind.go:14.33,16.14 2 0
github.com/shivamshashank/StackPulse/internal/installer/kind.go:17.15,18.17 1 0
github.com/shivamshashank/StackPulse/internal/installer/kind.go:19.15,20.17 1 0
github.com/shivamshashank/StackPulse/internal/installer/kind.go:23.2,29.16 5 0
github.com/shivamshashank/StackPulse/internal/installer/kind.go:29.16,31.3 1 0
github.com/shivamshashank/StackPulse/internal/installer/kind.go:34.2,34.22 1 0
github.com/shivamshashank/StackPulse/internal/installer/kind.go:34.22,36.3 1 0
github.com/shivamshashank/StackPulse/internal/installer/kind.go:36.8,38.3 1 0
github.com/shivamshashank/StackPulse/internal/installer/kind.go:39.2,39.16 1 0
github.com/shivamshashank/StackPulse/internal/installer/kind.go:39.16,41.3 1 0
github.com/shivamshashank/StackPulse/internal/installer/kind.go:43.2,44.12 2 0
github.com/shivamshashank/StackPulse/internal/installer/kind.go:48.26,54.24 4 0
github.com/shivamshashank/StackPulse/internal/installer/kind.go:54.24,56.3 1 0
github.com/shivamshashank/StackPulse/internal/installer/kind.go:58.2,58.65 1 0
github.com/shivamshashank/StackPulse/internal/installer/kind.go:58.65,61.17 3 0
github.com/shivamshashank/StackPulse/internal/installer/kind.go:61.17,63.4 1 0
github.com/shivamshashank/StackPulse/internal/installer/kind.go:64.8,66.17 2 0
github.com/shivamshashank/StackPulse/internal/installer/kind.go:66.17,68.4 1 0
github.com/shivamshashank/StackPulse/internal/installer/kind.go:71.2,75.26 4 0
github.com/shivamshashank/StackPulse/internal/installer/kind.go:75.26,77.17 2 0
github.com/shivamshashank/StackPulse/internal/installer/kind.go:77.17,79.9 2 0
github.com/shivamshashank/StackPulse/internal/installer/kind.go:81.3,82.30 2 0
github.com/shivamshashank/StackPulse/internal/installer/kind.go:85.2,85.14 1 0
github.com/shivamshashank/StackPulse/internal/installer/kind.go:85.14,87.3 1 0
github.com/shivamshashank/StackPulse/internal/installer/kind.go:89.2,90.12 2 0
github.com/shivamshashank/StackPulse/internal/installer/minikube.go:13.37,21.16 6 0
github.com/shivamshashank/StackPulse/internal/installer/minikube.go:21.16,23.3 1 0
github.com/shivamshashank/StackPulse/internal/installer/minikube.go:26.2,26.22 1 0
github.com/shivamshashank/StackPulse/internal/installer/minikube.go:26.22,28.3 1 0
github.com/shivamshashank/StackPulse/internal/installer/minikube.go:28.8,30.3 1 0
github.com/shivamshashank/StackPulse/internal/installer/minikube.go:31.2,31.16 1 0
github.com/shivamshashank/StackPulse/internal/installer/minikube.go:31.16,33.3 1 0
github.com/shivamshashank/StackPulse/internal/installer/minikube.go:35.2,36.12 2 0
github.com/shivamshashank/StackPulse/internal/installer/minikube.go:40.30,45.22 3 0
github.com/shivamshashank/StackPulse/internal/installer/minikube.go:45.22,47.3 1 0
github.com/shivamshashank/StackPulse/internal/installer/minikube.go:50.2,51.16 2 0
github.com/shivamshashank/StackPulse/internal/installer/minikube.go:51.16,53.3 1 0
github.com/shivamshashank/StackPulse/internal/installer/minikube.go:55.2,61.26 4 0
github.com/shivamshashank/StackPulse/internal/installer/minikube.go:61.26,63.17 2 0
github.com/shivamshashank/StackPulse/internal/installer/minikube.go:63.17,65.9 2 0
github.com/shivamshashank/StackPulse/internal/installer/minikube.go:67.3,68.30 2 0
github.com/shivamshashank/StackPulse/internal/installer/minikube.go:71.2,71.14 1 0
github.com/shivamshashank/StackPulse/internal/installer/minikube.go:71.14,73.3 1 0
github.com/shivamshashank/StackPulse/internal/installer/minikube.go:75.2,76.12 2 0
github.com/shivamshashank/StackPulse/internal/cli/alerts.go:33.54,36.14 2 0
github.com/shivamshashank/StackPulse/internal/cli/alerts.go:36.14,38.4 1 0
github.com/shivamshashank/StackPulse/internal/cli/alerts.go:41.3,41.49 1 0
github.com/shivamshashank/StackPulse/internal/cli/alerts.go:41.49,43.4 1 0
github.com/shivamshashank/StackPulse/internal/cli/alerts.go:45.3,46.15 2 0
github.com/shivamshashank/StackPulse/internal/cli/alerts.go:46.15,48.4 1 0
github.com/shivamshashank/StackPulse/internal/cli/alerts.go:50.3,50.45 1 0
github.com/shivamshashank/StackPulse/internal/cli/alerts.go:50.45,52.4 1 0
github.com/shivamshashank/StackPulse/internal/cli/alerts.go:54.3,56.21 2 0
github.com/shivamshashank/StackPulse/internal/cli/alerts.go:56.21,59.18 3 0
github.com/shivamshashank/StackPulse/internal/cli/alerts.go:59.18,61.5 1 0
github.com/shivamshashank/StackPulse/internal/cli/alerts.go:62.4,63.17 2 0
github.com/shivamshashank/StackPulse/internal/cli/alerts.go:63.17,65.5 1 0
github.com/shivamshashank/StackPulse/internal/cli/alerts.go:67.4,69.18 3 0
github.com/shivamshashank/StackPulse/internal/cli/alerts.go:69.18,71.5 1 0
github.com/shivamshashank/StackPulse/internal/cli/alerts.go:73.4,74.46 2 0
github.com/shivamshashank/StackPulse/internal/cli/alerts.go:74.46,76.5 1 0
github.com/shivamshashank/StackPulse/internal/cli/alerts.go:77.4,77.95 1 0
github.com/shivamshashank/StackPulse/internal/cli/alerts.go:80.3,80.25 1 0
github.com/shivamshashank/StackPulse/internal/cli/alerts.go:80.25,83.18 3 0
github.com/shivamshashank/StackPulse/internal/cli/alerts.go:83.18,85.5 1 0
github.com/shivamshashank/StackPulse/internal/cli/alerts.go:86.4,87.17 2 0
github.com/shivamshashank/StackPulse/internal/cli/alerts.go:87.17,89.5 1 0
github.com/shivamshashank/StackPulse/internal/cli/alerts.go:91.4,93.18 3 0
github.com/shivamshashank/StackPulse/internal/cli/alerts.go:93.18,95.5 1 0
github.com/shivamshashank/StackPulse/internal/cli/alerts.go:97.4,98.46 2 0
github.com/shivamshashank/StackPulse/internal/cli/alerts.go:98.46,100.5 1 0
github.com/shivamshashank/StackPulse/internal/cli/alerts.go:101.4,101.95 1 0
github.com/shivamshashank/StackPulse/internal/cli/alerts.go:104.3,104.13 1 0
github.com/shivamshashank/StackPulse/internal/cli/alerts.go:112.47,120.3 4 0
github.com/shivamshashank/StackPulse/internal/cli/alerts.go:123.13,129.2 5 1
github.com/shivamshashank/StackPulse/internal/cli/connect.go:25.54,28.14 2 0
github.com/shivamshashank/StackPulse/internal/cli/connect.go:28.14,32.4 3 0
github.com/shivamshashank/StackPulse/internal/cli/connect.go:35.3,35.50 1 0
github.com/shivamshashank/StackPulse/internal/cli/connect.go:35.50,37.4 1 0
github.com/shivamshashank/StackPulse/internal/cli/connect.go:39.3,40.15 2 0
github.com/shivamshashank/StackPulse/internal/cli/connect.go:40.15,42.4 1 0
github.com/shivamshashank/StackPulse/internal/cli/connect.go:44.3,48.36 3 0
github.com/shivamshashank/StackPulse/internal/cli/connect.go:48.36,52.4 2 0
github.com/shivamshashank/StackPulse/internal/cli/connect.go:55.3,57.36 3 0
github.com/shivamshashank/StackPulse/internal/cli/connect.go:57.36,59.18 2 0
github.com/shivamshashank/StackPulse/internal/cli/connect.go:59.18,61.5 1 0
github.com/shivamshashank/StackPulse/internal/cli/connect.go:65.3,77.21 11 0
github.com/shivamshashank/StackPulse/internal/cli/connect.go:77.21,82.55 5 0
github.com/shivamshashank/StackPulse/internal/cli/connect.go:82.55,85.5 1 0
github.com/shivamshashank/StackPulse/internal/cli/connect.go:85.10,87.5 1 0
github.com/shivamshashank/StackPulse/internal/cli/connect.go:89.4,89.25 1 0
github.com/shivamshashank/StackPulse/internal/cli/connect.go:89.25,91.5 1 0
github.com/shivamshashank/StackPulse/internal/cli/connect.go:91.10,93.5 1 0
github.com/shivamshashank/StackPulse/internal/cli/connect.go:96.3,96.13 1 0
github.com/shivamshashank/StackPulse/internal/cli/connect.go:100.13,103.2 2 1
github.com/shivamshashank/StackPulse/internal/cli/deploy.go:34.54,37.14 2 1
github.com/shivamshashank/StackPulse/internal/cli/deploy.go:37.14,38.20 1 1
github.com/shivamshashank/StackPulse/internal/cli/deploy.go:38.20,40.5 1 1
github.com/shivamshashank/StackPulse/internal/cli/deploy.go:43.4,44.18 2 0
github.com/shivamshashank/StackPulse/internal/cli/deploy.go:44.18,46.5 1 0
github.com/shivamshashank/StackPulse/internal/cli/deploy.go:48.4,48.22 1 0
github.com/shivamshashank/StackPulse/internal/cli/deploy.go:48.22,51.5 2 0
github.com/shivamshashank/StackPulse/internal/cli/deploy.go:53.4,53.18 1 0
github.com/shivamshashank/StackPulse/internal/cli/deploy.go:54.16,55.54 1 0
github.com/shivamshashank/StackPulse/internal/cli/deploy.go:55.54,57.66 2 0
github.com/shivamshashank/StackPulse/internal/cli/deploy.go:57.66,59.7 1 0
github.com/shivamshashank/StackPulse/internal/cli/deploy.go:61.5,61.52 1 0
github.com/shivamshashank/StackPulse/internal/cli/deploy.go:61.52,63.73 2 0
github.com/shivamshashank/StackPulse/internal/cli/deploy.go:63.73,65.7 1 0
github.com/shivamshashank/StackPulse/internal/cli/deploy.go:67.5,68.51 2 0
github.com/shivamshashank/StackPulse/internal/cli/deploy.go:68.51,70.6 1 0
github.com/shivamshashank/StackPulse/internal/cli/deploy.go:71.20,72.54 1 0
github.com/shivamshashank/StackPulse/internal/cli/deploy.go:72.54,74.66 2 0
github.com/shivamshashank/StackPulse/internal/cli/deploy.go:74.66,76.7 1 0
github.com/shivamshashank/StackPulse/internal/cli/deploy.go:78.5,78.56 1 0
github.com/shivamshashank/StackPulse/internal/cli/deploy.go:78.56,80.77 2 0
github.com/shivamshashank/StackPulse/internal/cli/deploy.go:80.77,82.7 1 0
github.com/shivamshashank/StackPulse/internal/cli/deploy.go:84.5,85.55 2 0
github.com/shivamshashank/StackPulse/internal/cli/deploy.go:85.55,87.6 1 0
github.com/shivamshashank/StackPulse/internal/cli/deploy.go:88.15,89.32 1 0
github.com/shivamshashank/StackPulse/internal/cli/deploy.go:89.32,91.6 1 0
github.com/shivamshashank/StackPulse/internal/cli/deploy.go:92.5,93.51 2 0
github.com/shivamshashank/StackPulse/internal/cli/deploy.go:93.51,95.6 1 0
github.com/shivamshashank/StackPulse/internal/cli/deploy.go:96.5,97.68 2 0
github.com/shivamshashank/StackPulse/internal/cli/deploy.go:97.68,99.6 1 0
github.com/shivamshashank/StackPulse/internal/cli/deploy.go:102.4,102.53 1 0
github.com/shivamshashank/StackPulse/internal/cli/deploy.go:102.53,104.5 1 0
github.com/shivamshashank/StackPulse/internal/cli/deploy.go:106.4,106.88 1 0
github.com/shivamshashank/StackPulse/internal/cli/deploy.go:110.3,110.50 1 0
github.com/shivamshashank/StackPulse/internal/cli/deploy.go:110.50,111.20 1 0
github.com/shivamshashank/StackPulse/internal/cli/deploy.go:111.20,113.5 1 0
github.com/shivamshashank/StackPulse/internal/cli/deploy.go:113.10,115.188 2 0
github.com/shivamshashank/StackPulse/internal/cli/deploy.go:115.188,117.6 1 0
github.com/shivamshashank/StackPulse/internal/cli/deploy.go:118.5,118.67 1 0
github.com/shivamshashank/StackPulse/internal/cli/deploy.go:123.3,123.50 1 0
github.com/shivamshashank/StackPulse/internal/cli/deploy.go:123.50,127.4 3 0
github.com/shivamshashank/StackPulse/internal/cli/deploy.go:130.3,130.73 1 0
github.com/shivamshashank/StackPulse/internal/cli/deploy.go:130.73,132.4 1 0
github.com/shivamshashank/StackPulse/internal/cli/deploy.go:134.3,134.13 1 0
github.com/shivamshashank/StackPulse/internal/cli/deploy.go:143.54,146.14 2 0
github.com/shivamshashank/StackPulse/internal/cli/deploy.go:146.14,150.4 3 0
github.com/shivamshashank/StackPulse/internal/cli/deploy.go:153.3,153.50 1 0
github.com/shivamshashank/StackPulse/internal/cli/deploy.go:153.50,155.4 1 0
github.com/shivamshashank/StackPulse/internal/cli/deploy.go:158.3,158.68 1 0
github.com/shivamshashank/StackPulse/internal/cli/deploy.go:158.68,160.4 1 0
github.com/shivamshashank/StackPulse/internal/cli/deploy.go:162.3,162.13 1 0
github.com/shivamshashank/StackPulse/internal/cli/deploy.go:166.13,172.2 5 1
github.com/shivamshashank/StackPulse/internal/cli/deploy.go:174.60,187.18 11 6
github.com/shivamshashank/StackPulse/internal/cli/deploy.go:188.11,189.21 1 1
github.com/shivamshashank/StackPulse/internal/cli/deploy.go:190.11,191.20 1 1
github.com/shivamshashank/StackPulse/internal/cli/deploy.go:192.11,193.25 1 1
github.com/shivamshashank/StackPulse/internal/cli/deploy.go:194.15,195.19 1 2
github.com/shivamshashank/StackPulse/internal/cli/deploy.go:196.10,198.19 2 1
github.com/shivamshashank/StackPulse/internal/cli/doctor.go:17.47,20.17 2 0
github.com/shivamshashank/StackPulse/internal/cli/doctor.go:20.17,28.4 4 0
github.com/shivamshashank/StackPulse/internal/cli/doctor.go:28.9,30.55 1 0
github.com/shivamshashank/StackPulse/internal/cli/doctor.go:30.55,32.5 1 0
github.com/shivamshashank/StackPulse/internal/cli/doctor.go:36.3,37.17 2 0
github.com/shivamshashank/StackPulse/internal/cli/doctor.go:41.13,43.2 1 1
github.com/shivamshashank/StackPulse/internal/cli/init.go:16.54,18.17 2 0
github.com/shivamshashank/StackPulse/internal/cli/init.go:18.17,20.4 1 0
github.com/shivamshashank/StackPulse/internal/cli/init.go:22.3,22.42 1 0
github.com/shivamshashank/StackPulse/internal/cli/init.go:22.42,25.4 2 0
github.com/shivamshashank/StackPulse/internal/cli/init.go:27.3,28.49 2 0
github.com/shivamshashank/StackPulse/internal/cli/init.go:28.49,30.4 1 0
github.com/shivamshashank/StackPulse/internal/cli/init.go:32.3,34.13 3 0
github.com/shivamshashank/StackPulse/internal/cli/init.go:38.13,40.2 1 1
github.com/shivamshashank/StackPulse/internal/cli/root.go:22.16,23.42 1 0
github.com/shivamshashank/StackPulse/internal/cli/root.go:23.42,26.3 2 0
github.com/shivamshashank/StackPulse/internal/cli/status.go:18.54,21.14 2 1
github.com/shivamshashank/StackPulse/internal/cli/status.go:21.14,25.4 3 1
github.com/shivamshashank/StackPulse/internal/cli/status.go:28.3,28.50 1 0
github.com/shivamshashank/StackPulse/internal/cli/status.go:28.50,30.4 1 0
github.com/shivamshashank/StackPulse/internal/cli/status.go:33.3,33.53 1 0
github.com/shivamshashank/StackPulse/internal/cli/status.go:33.53,35.4 1 0
github.com/shivamshashank/StackPulse/internal/cli/status.go:37.3,37.13 1 0
github.com/shivamshashank/StackPulse/internal/cli/status.go:41.13,43.2 1 1
github.com/shivamshashank/StackPulse/internal/cli/version.go:19.47,23.3 3 0
github.com/shivamshashank/StackPulse/internal/cli/version.go:26.13,28.2 1 1
github.com/shivamshashank/StackPulse/internal/observability/deployer.go:16.45,18.14 2 0
github.com/shivamshashank/StackPulse/internal/observability/deployer.go:18.14,20.3 1 0
github.com/shivamshashank/StackPulse/internal/observability/deployer.go:22.2,23.12 2 0
github.com/shivamshashank/StackPulse/internal/observability/deployer.go:23.12,25.3 1 0
github.com/shivamshashank/StackPulse/internal/observability/deployer.go:28.2,28.12 1 0
github.com/shivamshashank/StackPulse/internal/observability/deployer.go:28.12,30.3 1 0
github.com/shivamshashank/StackPulse/internal/observability/deployer.go:30.8,33.17 3 0
github.com/shivamshashank/StackPulse/internal/observability/deployer.go:33.17,35.56 1 0
github.com/shivamshashank/StackPulse/internal/observability/deployer.go:35.56,37.5 1 0
github.com/shivamshashank/StackPulse/internal/observability/deployer.go:38.9,40.4 1 0
github.com/shivamshashank/StackPulse/internal/observability/deployer.go:44.2,47.108 2 0
github.com/shivamshashank/StackPulse/internal/observability/deployer.go:47.108,49.3 1 0
github.com/shivamshashank/StackPulse/internal/observability/deployer.go:50.2,52.50 2 0
github.com/shivamshashank/StackPulse/internal/observability/deployer.go:52.50,53.124 1 0
github.com/shivamshashank/StackPulse/internal/observability/deployer.go:53.124,55.4 1 0
github.com/shivamshashank/StackPulse/internal/observability/deployer.go:56.3,56.20 1 0
github.com/shivamshashank/StackPulse/internal/observability/deployer.go:59.2,59.132 1 0
github.com/shivamshashank/StackPulse/internal/observability/deployer.go:59.132,60.98 1 0
github.com/shivamshashank/StackPulse/internal/observability/deployer.go:60.98,62.4 1 0
github.com/shivamshashank/StackPulse/internal/observability/deployer.go:63.3,63.20 1 0
github.com/shivamshashank/StackPulse/internal/observability/deployer.go:66.2,66.53 1 0
github.com/shivamshashank/StackPulse/internal/observability/deployer.go:66.53,67.126 1 0
github.com/shivamshashank/StackPulse/internal/observability/deployer.go:67.126,69.4 1 0
github.com/shivamshashank/StackPulse/internal/observability/deployer.go:70.3,70.20 1 0
github.com/shivamshashank/StackPulse/internal/observability/deployer.go:74.2,74.16 1 0
github.com/shivamshashank/StackPulse/internal/observability/deployer.go:74.16,75.50 1 0
github.com/shivamshashank/StackPulse/internal/observability/deployer.go:75.50,77.4 1 0
github.com/shivamshashank/StackPulse/internal/observability/deployer.go:83.2,86.129 2 0
github.com/shivamshashank/StackPulse/internal/observability/deployer.go:86.129,88.3 1 0
github.com/shivamshashank/StackPulse/internal/observability/deployer.go:91.2,91.13 1 0
github.com/shivamshashank/StackPulse/internal/observability/deployer.go:91.13,93.27 2 0
github.com/shivamshashank/StackPulse/internal/observability/deployer.go:93.27,98.22 2 0
github.com/shivamshashank/StackPulse/internal/observability/deployer.go:98.22,100.10 2 0
github.com/shivamshashank/StackPulse/internal/observability/deployer.go:102.4,102.15 1 0
github.com/shivamshashank/StackPulse/internal/observability/deployer.go:102.15,104.5 1 0
github.com/shivamshashank/StackPulse/internal/observability/deployer.go:109.2,109.50 1 0
github.com/shivamshashank/StackPulse/internal/observability/deployer.go:109.50,140.135 2 0
github.com/shivamshashank/StackPulse/internal/observability/deployer.go:140.135,142.4 1 0
github.com/shivamshashank/StackPulse/internal/observability/deployer.go:143.3,143.63 1 0
github.com/shivamshashank/StackPulse/internal/observability/deployer.go:143.63,145.4 1 0
github.com/shivamshashank/StackPulse/internal/observability/deployer.go:149.2,149.44 1 0
github.com/shivamshashank/StackPulse/internal/observability/deployer.go:149.44,155.105 2 0
github.com/shivamshashank/StackPulse/internal/observability/deployer.go:155.105,157.4 1 0
github.com/shivamshashank/StackPulse/internal/observability/deployer.go:161.2,161.45 1 0
github.com/shivamshashank/StackPulse/internal/observability/deployer.go:161.45,162.99 1 0
github.com/shivamshashank/StackPulse/internal/observability/deployer.go:162.99,164.4 1 0
github.com/shivamshashank/StackPulse/internal/observability/deployer.go:168.2,168.53 1 0
github.com/shivamshashank/StackPulse/internal/observability/deployer.go:168.53,173.125 2 0
github.com/shivamshashank/StackPulse/internal/observability/deployer.go:173.125,175.4 1 0
github.com/shivamshashank/StackPulse/internal/observability/deployer.go:179.2,180.50 2 0
github.com/shivamshashank/StackPulse/internal/observability/deployer.go:180.50,182.36 2 0
github.com/shivamshashank/StackPulse/internal/observability/deployer.go:182.36,184.4 1 0
github.com/shivamshashank/StackPulse/internal/observability/deployer.go:184.9,187.4 1 0
github.com/shivamshashank/StackPulse/internal/observability/deployer.go:191.2,196.50 5 0
github.com/shivamshashank/StackPulse/internal/observability/deployer.go:196.50,203.3 6 0
github.com/shivamshashank/StackPulse/internal/observability/deployer.go:205.2,206.12 2 0
github.com/shivamshashank/StackPulse/internal/observability/deployer.go:209.62,214.13 4 0
github.com/shivamshashank/StackPulse/internal/observability/deployer.go:214.13,217.17 3 0
github.com/shivamshashank/StackPulse/internal/observability/deployer.go:217.17,219.4 1 0
github.com/shivamshashank/StackPulse/internal/observability/deployer.go:220.3,221.17 2 0
github.com/shivamshashank/StackPulse/internal/observability/deployer.go:221.17,223.4 1 0
github.com/shivamshashank/StackPulse/internal/observability/deployer.go:224.3,225.17 2 0
github.com/shivamshashank/StackPulse/internal/observability/deployer.go:225.17,227.4 1 0
github.com/shivamshashank/StackPulse/internal/observability/deployer.go:230.2,267.12 2 0
github.com/shivamshashank/StackPulse/internal/observability/deployer.go:267.12,270.3 2 0
github.com/shivamshashank/StackPulse/internal/observability/deployer.go:272.2,274.70 3 0
github.com/shivamshashank/StackPulse/internal/observability/deployer.go:274.70,276.3 1 0
github.com/shivamshashank/StackPulse/internal/observability/deployer.go:277.2,277.15 1 0
github.com/shivamshashank/StackPulse/internal/observability/deployer.go:277.15,277.41 1 0
github.com/shivamshashank/StackPulse/internal/observability/deployer.go:279.2,280.16 2 0
github.com/shivamshashank/StackPulse/internal/observability/deployer.go:280.16,282.3 1 0
github.com/shivamshashank/StackPulse/internal/observability/deployer.go:283.2,284.12 2 0
github.com/shivamshashank/StackPulse/internal/observability/deployer.go:287.88,289.16 2 0
github.com/shivamshashank/StackPulse/internal/observability/deployer.go:289.16,291.3 1 0
github.com/shivamshashank/StackPulse/internal/observability/deployer.go:293.2,305.66 2 0
github.com/shivamshashank/StackPulse/internal/observability/deployer.go:305.66,307.3 1 0
github.com/shivamshashank/StackPulse/internal/observability/deployer.go:309.2,309.37 1 0
github.com/shivamshashank/StackPulse/internal/observability/deployer.go:309.37,311.81 2 0
github.com/shivamshashank/StackPulse/internal/observability/deployer.go:311.81,312.12 1 0
github.com/shivamshashank/StackPulse/internal/observability/deployer.go:314.3,314.42 1 0
github.com/shivamshashank/StackPulse/internal/observability/deployer.go:314.42,315.28 1 0
github.com/shivamshashank/StackPulse/internal/observability/deployer.go:315.28,317.5 1 0
github.com/shivamshashank/StackPulse/internal/observability/deployer.go:321.2,321.37 1 0
github.com/shivamshashank/StackPulse/internal/observability/deployer.go:321.37,323.40 2 0
github.com/shivamshashank/StackPulse/internal/observability/deployer.go:323.40,324.12 1 0
github.com/shivamshashank/StackPulse/internal/observability/deployer.go:326.3,326.42 1 0
github.com/shivamshashank/StackPulse/internal/observability/deployer.go:326.42,327.28 1 0
github.com/shivamshashank/StackPulse/internal/observability/deployer.go:327.28,329.5 1 0
github.com/shivamshashank/StackPulse/internal/observability/deployer.go:333.2,334.22 2 0
github.com/shivamshashank/StackPulse/internal/observability/hosts.go:15.61,16.12 1 0
github.com/shivamshashank/StackPulse/internal/observability/hosts.go:16.12,18.3 1 0
github.com/shivamshashank/StackPulse/internal/observability/hosts.go:20.2,24.25 3 0
github.com/shivamshashank/StackPulse/internal/observability/hosts.go:24.25,27.29 2 0
github.com/shivamshashank/StackPulse/internal/observability/hosts.go:27.29,29.4 1 0
github.com/shivamshashank/StackPulse/internal/observability/hosts.go:31.3,32.31 2 0
github.com/shivamshashank/StackPulse/internal/observability/hosts.go:32.31,34.4 1 0
github.com/shivamshashank/StackPulse/internal/observability/hosts.go:36.3,37.32 2 0
github.com/shivamshashank/StackPulse/internal/observability/hosts.go:37.32,39.4 1 0
github.com/shivamshashank/StackPulse/internal/observability/hosts.go:40.3,41.30 2 0
github.com/shivamshashank/StackPulse/internal/observability/hosts.go:45.2,47.28 3 0
github.com/shivamshashank/StackPulse/internal/observability/hosts.go:47.28,49.3 1 0
github.com/shivamshashank/StackPulse/internal/observability/hosts.go:51.2,51.60 1 0
github.com/shivamshashank/StackPulse/internal/observability/hosts.go:55.45,60.16 3 0
github.com/shivamshashank/StackPulse/internal/observability/hosts.go:60.16,62.3 1 0
github.com/shivamshashank/StackPulse/internal/observability/hosts.go:64.2,68.29 3 0
github.com/shivamshashank/StackPulse/internal/observability/hosts.go:68.29,70.20 2 0
github.com/shivamshashank/StackPulse/internal/observability/hosts.go:70.20,72.12 2 0
github.com/shivamshashank/StackPulse/internal/observability/hosts.go:75.3,76.43 2 0
github.com/shivamshashank/StackPulse/internal/observability/hosts.go:76.43,77.12 1 0
github.com/shivamshashank/StackPulse/internal/observability/hosts.go:79.3,79.36 1 0
github.com/shivamshashank/StackPulse/internal/observability/hosts.go:83.2,88.16 4 0
github.com/shivamshashank/StackPulse/internal/observability/hosts.go:88.16,90.3 1 0
github.com/shivamshashank/StackPulse/internal/observability/hosts.go:91.2,92.83 2 0
github.com/shivamshashank/StackPulse/internal/observability/hosts.go:92.83,94.3 1 0
github.com/shivamshashank/StackPulse/internal/observability/hosts.go:97.2,101.22 4 0
github.com/shivamshashank/StackPulse/internal/observability/hosts.go:101.22,103.3 1 0
github.com/shivamshashank/StackPulse/internal/observability/hosts.go:103.8,105.3 1 0
github.com/shivamshashank/StackPulse/internal/observability/hosts.go:108.2,110.16 2 0
github.com/shivamshashank/StackPulse/internal/observability/hosts.go:110.16,112.3 1 0
github.com/shivamshashank/StackPulse/internal/observability/hosts.go:114.2,114.12 1 0
github.com/shivamshashank/StackPulse/internal/observability/status.go:13.26,15.14 2 0
github.com/shivamshashank/StackPulse/internal/observability/status.go:15.14,17.3 1 0
github.com/shivamshashank/StackPulse/internal/observability/status.go:20.2,21.33 2 0
github.com/shivamshashank/StackPulse/internal/observability/status.go:21.33,23.3 1 0
github.com/shivamshashank/StackPulse/internal/observability/status.go:26.2,36.13 9 0
github.com/shivamshashank/StackPulse/internal/observability/status.go:36.13,38.30 2 0
github.com/shivamshashank/StackPulse/internal/observability/status.go:38.30,40.23 2 0
github.com/shivamshashank/StackPulse/internal/observability/status.go:40.23,41.13 1 0
github.com/shivamshashank/StackPulse/internal/observability/status.go:43.4,47.20 4 0
github.com/shivamshashank/StackPulse/internal/observability/status.go:48.19,49.32 1 0
github.com/shivamshashank/StackPulse/internal/observability/status.go:50.59,51.37 1 0
github.com/shivamshashank/StackPulse/internal/observability/status.go:54.4,54.108 1 0
github.com/shivamshashank/StackPulse/internal/observability/status.go:54.108,56.5 1 0
github.com/shivamshashank/StackPulse/internal/observability/status.go:56.10,56.51 1 0
github.com/shivamshashank/StackPulse/internal/observability/status.go:56.51,58.5 1 0
github.com/shivamshashank/StackPulse/internal/observability/status.go:58.10,58.48 1 0
github.com/shivamshashank/StackPulse/internal/observability/status.go:58.48,60.5 1 0
github.com/shivamshashank/StackPulse/internal/observability/status.go:60.10,60.49 1 0
github.com/shivamshashank/StackPulse/internal/observability/status.go:60.49,62.5 1 0
github.com/shivamshashank/StackPulse/internal/observability/status.go:62.10,62.94 1 0
github.com/shivamshashank/StackPulse/internal/observability/status.go:62.94,64.5 1 0
github.com/shivamshashank/StackPulse/internal/observability/status.go:64.10,64.59 1 0
github.com/shivamshashank/StackPulse/internal/observability/status.go:64.59,66.5 1 0
github.com/shivamshashank/StackPulse/internal/observability/status.go:71.2,73.35 3 0
github.com/shivamshashank/StackPulse/internal/observability/status.go:73.35,75.17 2 0
github.com/shivamshashank/StackPulse/internal/observability/status.go:75.17,77.4 1 0
github.com/shivamshashank/StackPulse/internal/observability/status.go:81.2,97.50 15 0
github.com/shivamshashank/StackPulse/internal/observability/status.go:97.50,101.36 3 0
github.com/shivamshashank/StackPulse/internal/observability/status.go:101.36,103.4 1 0
github.com/shivamshashank/StackPulse/internal/observability/status.go:103.9,106.45 3 0
github.com/shivamshashank/StackPulse/internal/observability/status.go:106.45,108.39 2 0
github.com/shivamshashank/StackPulse/internal/observability/status.go:108.39,110.6 1 0
github.com/shivamshashank/StackPulse/internal/observability/status.go:114.3,120.16 7 0
github.com/shivamshashank/StackPulse/internal/observability/status.go:123.2,123.94 1 0
github.com/shivamshashank/StackPulse/internal/observability/status.go:123.94,128.3 4 0
github.com/shivamshashank/StackPulse/internal/observability/status.go:130.2,131.12 2 0
github.com/shivamshashank/StackPulse/internal/observability/status.go:135.49,137.16 2 3
github.com/shivamshashank/StackPulse/internal/observability/status.go:137.16,139.3 1 1
github.com/shivamshashank/StackPulse/internal/observability/status.go:140.2,140.34 1 2
github.com/shivamshashank/StackPulse/internal/webhook/deployer.go:11.46,13.14 2 0
github.com/shivamshashank/StackPulse/internal/webhook/deployer.go:13.14,15.3 1 0
github.com/shivamshashank/StackPulse/internal/webhook/deployer.go:17.2,18.12 2 0
github.com/shivamshashank/StackPulse/internal/webhook/deployer.go:18.12,20.3 1 0
github.com/shivamshashank/StackPulse/internal/webhook/deployer.go:23.2,87.12 4 0
github.com/shivamshashank/StackPulse/internal/webhook/deployer.go:87.12,93.3 5 0
github.com/shivamshashank/StackPulse/internal/webhook/deployer.go:96.2,100.16 3 0
github.com/shivamshashank/StackPulse/internal/webhook/deployer.go:100.16,102.3 1 0
github.com/shivamshashank/StackPulse/internal/webhook/deployer.go:104.2,112.12 8 0
github.com/shivamshashank/StackPulse/internal/webhook/handler.go:17.37,21.73 2 0
github.com/shivamshashank/StackPulse/internal/webhook/handler.go:21.73,25.3 3 0
github.com/shivamshashank/StackPulse/internal/webhook/handler.go:28.2,28.76 1 0
github.com/shivamshashank/StackPulse/internal/webhook/handler.go:28.76,29.33 1 0
github.com/shivamshashank/StackPulse/internal/webhook/handler.go:29.33,32.4 2 0
github.com/shivamshashank/StackPulse/internal/webhook/handler.go:34.3,38.17 4 0
github.com/shivamshashank/StackPulse/internal/webhook/handler.go:38.17,41.4 2 0
github.com/shivamshashank/StackPulse/internal/webhook/handler.go:43.3,45.23 3 0
github.com/shivamshashank/StackPulse/internal/webhook/handler.go:49.2,49.87 1 0
github.com/shivamshashank/StackPulse/internal/webhook/handler.go:49.87,50.34 1 0
github.com/shivamshashank/StackPulse/internal/webhook/handler.go:50.34,53.4 2 0
github.com/shivamshashank/StackPulse/internal/webhook/handler.go:55.3,57.17 3 0
github.com/shivamshashank/StackPulse/internal/webhook/handler.go:57.17,60.4 2 0
github.com/shivamshashank/StackPulse/internal/webhook/handler.go:63.3,69.33 4 0
github.com/shivamshashank/StackPulse/internal/webhook/handler.go:69.33,71.4 1 0
github.com/shivamshashank/StackPulse/internal/webhook/handler.go:72.3,76.92 4 0
github.com/shivamshashank/StackPulse/internal/webhook/handler.go:79.2,86.32 3 0
github.com/shivamshashank/StackPulse/internal/webhook/router.go:46.71,49.39 2 1
github.com/shivamshashank/StackPulse/internal/webhook/router.go:49.39,61.31 2 1
github.com/shivamshashank/StackPulse/internal/webhook/router.go:61.31,63.4 1 0
github.com/shivamshashank/StackPulse/internal/webhook/router.go:64.3,64.30 1 1
github.com/shivamshashank/StackPulse/internal/webhook/router.go:64.30,66.4 1 0
github.com/shivamshashank/StackPulse/internal/webhook/router.go:67.3,67.28 1 1
github.com/shivamshashank/StackPulse/internal/webhook/router.go:67.28,69.4 1 0
github.com/shivamshashank/StackPulse/internal/webhook/router.go:71.3,75.38 3 1
github.com/shivamshashank/StackPulse/internal/webhook/router.go:78.2,78.18 1 1
github.com/shivamshashank/StackPulse/internal/webhook/router.go:82.39,84.24 2 1
github.com/shivamshashank/StackPulse/internal/webhook/router.go:84.24,86.3 1 1
github.com/shivamshashank/StackPulse/internal/webhook/router.go:88.2,90.30 3 0
github.com/shivamshashank/StackPulse/internal/webhook/router.go:90.30,93.3 2 0
github.com/shivamshashank/StackPulse/internal/webhook/router.go:96.2,125.16 3 0
github.com/shivamshashank/StackPulse/internal/webhook/router.go:125.16,127.3 1 0
github.com/shivamshashank/StackPulse/internal/webhook/router.go:129.2,130.16 2 0
github.com/shivamshashank/StackPulse/internal/webhook/router.go:130.16,132.3 1 0
github.com/shivamshashank/StackPulse/internal/webhook/router.go:136.43,138.17 2 1
github.com/shivamshashank/StackPulse/internal/webhook/router.go:138.17,140.3 1 1
github.com/shivamshashank/StackPulse/internal/webhook/router.go:142.2,143.30 2 0
github.com/shivamshashank/StackPulse/internal/webhook/router.go:143.30,145.3 1 0
github.com/shivamshashank/StackPulse/internal/webhook/router.go:147.2,166.16 3 0
github.com/shivamshashank/StackPulse/internal/webhook/router.go:166.16,168.3 1 0
github.com/shivamshashank/StackPulse/internal/webhook/router.go:170.2,171.16 2 0
github.com/shivamshashank/StackPulse/internal/webhook/router.go:171.16,173.3 1 0
github.com/shivamshashank/StackPulse/internal/webhook/router.go:176.38,178.30 2 2
github.com/shivamshashank/StackPulse/internal/webhook/router.go:178.30,180.27 2 17
github.com/shivamshashank/StackPulse/internal/webhook/router.go:180.27,182.4 1 16
github.com/shivamshashank/StackPulse/internal/webhook/router.go:183.3,183.17 1 17
github.com/shivamshashank/StackPulse/internal/webhook/router.go:185.2,185.19 1 2
github.com/shivamshashank/StackPulse/internal/webhook/router.go:188.37,189.11 1 3
github.com/shivamshashank/StackPulse/internal/webhook/router.go:190.18,191.20 1 1
github.com/shivamshashank/StackPulse/internal/webhook/router.go:192.17,193.19 1 1
github.com/shivamshashank/StackPulse/internal/webhook/router.go:194.14,195.16 1 0
github.com/shivamshashank/StackPulse/internal/webhook/router.go:196.10,197.17 1 1
